c:\users\polack-admin\documents\visual studio 2012\projects\mappy project\mappy project\debug\mappy_a5.obj
c:\users\polack-admin\documents\visual studio 2012\projects\mappy project\mappy project\debug\vc110.pdb
c:\users\polack-admin\documents\visual studio 2012\projects\mappy project\mappy project\debug\source.obj
c:\users\polack-admin\documents\visual studio 2012\projects\mappy project\mappy project\debug\spritesheet.obj
c:\users\polack-admin\documents\visual studio 2012\projects\mappy project\debug\mappy project.ilk
c:\users\polack-admin\documents\visual studio 2012\projects\mappy project\debug\mappy project.exe
c:\users\polack-admin\documents\visual studio 2012\projects\mappy project\debug\mappy project.pdb
c:\users\vsjcoates\documents\mappy project updated 2018 visual studio 2017\mappy project updated 2018 visual studio 2017\mappy project\debug\vc142.pdb
c:\users\vsjcoates\documents\mappy project updated 2018 visual studio 2017\mappy project updated 2018 visual studio 2017\mappy project\debug\vc142.idb
c:\users\vsjcoates\documents\mappy project updated 2018 visual studio 2017\mappy project updated 2018 visual studio 2017\mappy project\debug\mappy_a5.obj
c:\users\vsjcoates\documents\mappy project updated 2018 visual studio 2017\mappy project updated 2018 visual studio 2017\mappy project\debug\spritesheet.obj
c:\users\vsjcoates\documents\mappy project updated 2018 visual studio 2017\mappy project updated 2018 visual studio 2017\mappy project\debug\source.obj
c:\users\vsjcoates\documents\mappy project updated 2018 visual studio 2017\mappy project updated 2018 visual studio 2017\debug\mappy project.ilk
c:\users\vsjcoates\documents\mappy project updated 2018 visual studio 2017\mappy project updated 2018 visual studio 2017\debug\mappy project.exe
c:\users\vsjcoates\documents\mappy project updated 2018 visual studio 2017\mappy project updated 2018 visual studio 2017\debug\mappy project.pdb
c:\users\vsjcoates\documents\mappy project updated 2018 visual studio 2017\mappy project updated 2018 visual studio 2017\mappy project\debug\cl.command.1.tlog
c:\users\vsjcoates\documents\mappy project updated 2018 visual studio 2017\mappy project updated 2018 visual studio 2017\mappy project\debug\cl.read.1.tlog
c:\users\vsjcoates\documents\mappy project updated 2018 visual studio 2017\mappy project updated 2018 visual studio 2017\mappy project\debug\cl.write.1.tlog
c:\users\vsjcoates\documents\mappy project updated 2018 visual studio 2017\mappy project updated 2018 visual studio 2017\mappy project\debug\link-cvtres.read.1.tlog
c:\users\vsjcoates\documents\mappy project updated 2018 visual studio 2017\mappy project updated 2018 visual studio 2017\mappy project\debug\link-cvtres.write.1.tlog
c:\users\vsjcoates\documents\mappy project updated 2018 visual studio 2017\mappy project updated 2018 visual studio 2017\mappy project\debug\link-rc.read.1.tlog
c:\users\vsjcoates\documents\mappy project updated 2018 visual studio 2017\mappy project updated 2018 visual studio 2017\mappy project\debug\link-rc.write.1.tlog
c:\users\vsjcoates\documents\mappy project updated 2018 visual studio 2017\mappy project updated 2018 visual studio 2017\mappy project\debug\link.1652-cvtres.read.1.tlog
c:\users\vsjcoates\documents\mappy project updated 2018 visual studio 2017\mappy project updated 2018 visual studio 2017\mappy project\debug\link.1652-cvtres.write.1.tlog
c:\users\vsjcoates\documents\mappy project updated 2018 visual studio 2017\mappy project updated 2018 visual studio 2017\mappy project\debug\link.1652-rc.read.1.tlog
c:\users\vsjcoates\documents\mappy project updated 2018 visual studio 2017\mappy project updated 2018 visual studio 2017\mappy project\debug\link.1652-rc.write.1.tlog
c:\users\vsjcoates\documents\mappy project updated 2018 visual studio 2017\mappy project updated 2018 visual studio 2017\mappy project\debug\link.1652.read.1.tlog
c:\users\vsjcoates\documents\mappy project updated 2018 visual studio 2017\mappy project updated 2018 visual studio 2017\mappy project\debug\link.1652.write.1.tlog
c:\users\vsjcoates\documents\mappy project updated 2018 visual studio 2017\mappy project updated 2018 visual studio 2017\mappy project\debug\link.2864-cvtres.read.1.tlog
c:\users\vsjcoates\documents\mappy project updated 2018 visual studio 2017\mappy project updated 2018 visual studio 2017\mappy project\debug\link.2864-cvtres.write.1.tlog
c:\users\vsjcoates\documents\mappy project updated 2018 visual studio 2017\mappy project updated 2018 visual studio 2017\mappy project\debug\link.2864-rc.read.1.tlog
c:\users\vsjcoates\documents\mappy project updated 2018 visual studio 2017\mappy project updated 2018 visual studio 2017\mappy project\debug\link.2864-rc.write.1.tlog
c:\users\vsjcoates\documents\mappy project updated 2018 visual studio 2017\mappy project updated 2018 visual studio 2017\mappy project\debug\link.2864.read.1.tlog
c:\users\vsjcoates\documents\mappy project updated 2018 visual studio 2017\mappy project updated 2018 visual studio 2017\mappy project\debug\link.2864.write.1.tlog
c:\users\vsjcoates\documents\mappy project updated 2018 visual studio 2017\mappy project updated 2018 visual studio 2017\mappy project\debug\link.command.1.tlog
c:\users\vsjcoates\documents\mappy project updated 2018 visual studio 2017\mappy project updated 2018 visual studio 2017\mappy project\debug\link.read.1.tlog
c:\users\vsjcoates\documents\mappy project updated 2018 visual studio 2017\mappy project updated 2018 visual studio 2017\mappy project\debug\link.write.1.tlog
c:\users\vsjcoates\documents\mappy project updated 2018 visual studio 2017\mappy project updated 2018 visual studio 2017\mappy project\debug\vc110.idb
c:\users\vsjcoates\documents\mappy project updated 2018 visual studio 2017\mappy project updated 2018 visual studio 2017\mappy project\debug\vc141.idb
c:\users\vsjcoates\documents\mappy project updated 2018 visual studio 2017\mappy project updated 2018 visual studio 2017\mappy project\debug\vc110.pdb
c:\users\vsjcoates\documents\mappy project updated 2018 visual studio 2017\mappy project updated 2018 visual studio 2017\mappy project\debug\vc141.pdb
c:\users\vsjcoates\documents\mappy project updated 2018 visual studio 2017\mappy project updated 2018 visual studio 2017\mappy project\debug\mappy project.tlog\cl.command.1.tlog
c:\users\vsjcoates\documents\mappy project updated 2018 visual studio 2017\mappy project updated 2018 visual studio 2017\mappy project\debug\mappy project.tlog\cl.read.1.tlog
c:\users\vsjcoates\documents\mappy project updated 2018 visual studio 2017\mappy project updated 2018 visual studio 2017\mappy project\debug\mappy project.tlog\cl.write.1.tlog
c:\users\vsjcoates\documents\mappy project updated 2018 visual studio 2017\mappy project updated 2018 visual studio 2017\mappy project\debug\mappy project.tlog\link.command.1.tlog
c:\users\vsjcoates\documents\mappy project updated 2018 visual studio 2017\mappy project updated 2018 visual studio 2017\mappy project\debug\mappy project.tlog\link.delete.1.tlog
c:\users\vsjcoates\documents\mappy project updated 2018 visual studio 2017\mappy project updated 2018 visual studio 2017\mappy project\debug\mappy project.tlog\link.read.1.tlog
c:\users\vsjcoates\documents\mappy project updated 2018 visual studio 2017\mappy project updated 2018 visual studio 2017\mappy project\debug\mappy project.tlog\link.write.1.tlog
